<?xml version="1.0" encoding="UTF-8"?>
<!-- Generated by org.testng.reporters.JUnitReportReporter -->
<testsuite hostname="DESKTOP-RSDMAPU" failures="0" tests="2" name="locators7.Practise_Loc" time="8.668" errors="0" timestamp="2025-07-23T16:50:10 IST" skipped="0">
  <testcase classname="locators7.Practise_Loc" name="id" time="2.165"/>
  <testcase classname="locators7.Practise_Loc" name="locat" time="6.503"/>
</testsuite> <!-- locators7.Practise_Loc -->
